0,1,2,3,4,5,6,7,8,9
1,2,5,12,3123
000000000000
0,00001000000
0,1,0000100002
00000000000000000000000000000000000000
10000000000000000000000000000000000000
0,0000000000001,0000000002,000000003,0004,00005,0006,7,8,9
1,2,3,4,5,6,7,8,9,10,11,12,13,14,15,16,17,18,19,20,21,22,23,24,25,26
1,2,43
1,2
4,31
2,3,4,12,34,143,1234
1,3,24
1,3,4,13,54,56,5656
5,6
5,36,3625
6,546
54
6,54,65,465,46453
6,456
4,5
6,354
6,546
4,5
6,55,555,5555,55555,555555555
1,11,111,111111
2,22,222,2222222
3,33,333,3333
4,44,444,4444,44444,444444,4444444
6,66,666,6666,66666,666666,6666666666666
9,99,999,9999,99999,999999,9999999,9999999999999
