339663999031815578
533326991177987734
576850988263944961
165142985802465702
107981981568570003
180466976243776266
550411964022307245
753346957638396464
690812949799102718
504035944100397872
314036943961884277
681741943494659127
951455938991738317
461238934245037821
150260932944210855
345091932747406945
495994931163640556
461282929182523673
137446928261523854
120305917082118973
846779915795601242
300969910739702176
770788898428207848
580395892656225842
118342881949220362
895966879195281581
232238878310036314
651801875808184127
524862872507054294
791293869953594204
105279867152972419
892053865080586567
612788864478446827
979861862176731556
973744860320878853
666654853696480655
914856845511588164
885338840598414129
569311831588809763
488424828732037860
183069826895762827
120021825473181641
217727824098217835
402853822952789731
556361819141540747
534917809023430681
340449808867591555
702876808418349774
286623806424064661
208777794869233753
773233787215398289
816343784963325568
853239780168179575
913238777788329810
729427762163043556
343248761775939827
377078756777529421
506411755698882944
243395754239981278
200170751973816164
872333751925251936
239253744415913630
443439742709976022
705530740688218708
933711736190218329
307529733162945939
105454725538311478
978780720219539152
359455717151370594
248040716492343582
772210715901984088
794513711356091290
626270706449897014
933075702388864963
458873699359986232
852151683870325177
762203679763193014
357884676659887399
790455668209590687
878826664979109742
591741652374260538
450547643311662550
931070637893967900
527028635583786657
165613630924051719
446012622971739364
617499618895594334
951394608547106968
792687596346216503
872988589039595488
219861582331532895
260271579345819376
818977579172031993
500163577517824588
481791575628775151
939160574853747524
752550570687642240
346602569656010313
663065569268960878
637576569010504354
924215559121272885
885376553303300525
677323546472363718
919886536846321036
924735527396400339
294182522197959839
515683520082576558
571445519378683918
988398515987478311
226951509815446914
303611506612843942
229048499212906190
945212495475900929
270285493506876929
187965486457414626
279504486245336783
924308479161193513
563996479143773361
490347468857755643
831477460511061252
619550459837058588
855295452584808231
421109441233147178
771280435862308164
548928430440846067
640704429077640098
344766428840198978
693014425279962918
750046394595292879
997466391306227964
211587388081482729
360297381765545562
434777373991457625
457990373687822295
304493372135128390
727107370266747699
248958368519240328
207171363103981373
816390354598743583
585258349112835223
719485340888799022
620265339057739874
152125337347658898
728288331892908759
944534330377706312
579393325295720689
188228323593783041
768513322934804417
294054320879876141
363419315407148131
674903308312947947
760615299316994178
433746295475964230
380149292513440943
345116288802649427
921502288653603283
343353286584434384
426202282589720099
846438281305677340
185071276147588601
805062273323328223
379399273049114153
551947265836802723
695096251218135873
945291250779179576
798664249295157675
347667248832291728
561733244760754881
642607240065763170
314795234103056139
609386232753861912
336689231255155817
397507228034826794
224945226828991364
372328223361719339
800191219430796332
206185204887799357
278572203547295435
289699201164992180
154499198362938564
721293195414666261
812142193631409539
150020189721760999
924510188610159693
597464186531116773
843068183047213241
102278172435215830
852517168316582742
971242160126984415
990815154333632656
800540151435440426
830348149299515844
134591140798564451
732583140245708987
198809140151778670
436281133110686832
862470124994170019
649599123788730104
951808121799885043
456621121482632231
964576114748474540
339030113521528061
834969096547947666
473725096172760588
416003094366442584
806414094350235594
988022087196211482
152022075568721763
624340073126640889
153415072744130689
806242072269277683
990067071150881694
570058058650188039
802059058648625142
835980058367918822
335613047222002827
912438040064667912
813210039068452568
686546035310607745
527841034467720206
623216029995097074
427452026808114554
209206022313986376
659570022185778268
146884010325370540
478324003659585351
122081001883994921
