583230999618784866
537325999610101224
509573999108077168
265651998574039181
854286997499409771
465261997389488576
568266997258098353
118334996725887337
221195996540858116
841024996054363764
641313996036859983
645363995857000447
442935995284926391
803886995253133835
754934994894152011
754423994893593816
930501994758252230
352612994088773028
784616993807231971
252450993724788641
127469993713723504
592999993665216654
865570993451670755
418055993251995557
808756993123286813
720191993115412570
614695992914939298
937566992832587557
924149992180838254
350178991628157931
192558991502517469
623799991261395840
371296991074143175
425079990749939092
827103990577498188
364978990416650073
500627990317516841
915712990315111809
444610990096593402
303496989996851008
511602989978177767
480104989947727627
315005989908750158
557019989662045904
204344989640891268
841182989580289453
735757989326378326
250341989316838226
182885989311755514
789384989266557684
690337989117442938
535208988500734760
131321988456109352
192728988272783829
903390987948797316
416087987940937075
476913987838594220
222773987393944999
962296987165900020
541489987118945555
216588985857556743
729226985648392505
653577985592968141
168104985591398004
199803985305473462
235335984751922586
797823984669648805
400138984414003889
380114984144762163
323297983695562068
216392983667637818
878992983630354394
508851983584776404
269035983509407802
552393983169416609
660348982642132774
591296982485279941
117077982466937396
320893982270042641
521758982199894326
246946982159534544
141027982036588300
321455981793689865
191924981736103923
760410981016308356
351060980708565432
524512980682844138
133409980442734094
470510980357201783
422923980245552608
744137980146300878
634529979907108505
606501979873566757
764740979736983612
552566979636464947
441651979599324175
131122979598118376
194735979288757976
871377979053457537
896799979028875515
586765979004845674
339417978881877875
871746978218510046
284764978155561357
162384977291007716
973519977251999620
210169976918850385
105807976690205520
263011976587802771
488107976476437063
700939975919815226
967102975491846697
196494975211478284
730618974740945068
906287974661162706
695169974414567407
432239974387306701
377211974335797230
832459974060084697
150980973634403393
448467973409842353
150197973305975668
807889973272903880
378772972559184560
698416972479189366
984814972453697908
356343972373504294
547896972314318334
439406972068426275
482979972015767396
670821971722595013
861222971377585310
345112971174036742
478561970875765364
723706970719834883
501233970623379013
107337970498411686
282460969941227020
500289969872803316
580605969797826780
700014969754688941
655652969229384960
358115969167515994
378069968438881187
690092967772928470
483951967647440926
280285967197916840
318206967154036595
599247967093491984
386206966947130563
241833966598735674
268266966467278945
197708966344507337
704349966313831344
308059966163806137
926621965242383280
200459964977437740
614951964871771663
754220964815950169
344582964614601256
289840964610536193
320075964359072285
385336964057822013
474245963415319355
156938963356847358
321140963137023668
366969962875967400
710458962706653071
640673962480151186
766021962410416742
348838962179722148
747869962040853985
523908961991739307
615157961716961530
237517961645731614
182735961555503733
155260961532142066
687701961461654793
559515961066045774
944505961020078914
607223960795650367
807752960331113581
380397960280451890
475462960174937008
724854959718174341
431129959562951281
635216959300466467
895340959263203622
931551959129060924
148411958976597613
409906958427122880
559221958321736236
837166957642244628
168543957640105246
618050957610317709
993839957300243088
898304956944730160
876807956922021209
425382956876974214
455521956855672527
215552956624935473
334638956585265306
263275956141775509
950886955927521747
102106955222061206
842830954381361921
506064953939628662
513587953614943395
149930953485620732
100096952545492169
105654952450265706
262472952298711469
301736951775959999
532560951593338976
684865951354447138
322381951308147446
248425950802730792
383553950530660472
420173950360709947
880231950147670872
143996949892007042
730549949751301430
903342949357910915
414423949230573135
710741949204449196
198869949057241796
715651948819686517
150638948635219641
574216948595225730
980645948430476807
195187948107925962
721211947889877315
739159947690644994
340650947647839640
881615947201913870
305419947135317424
672869947109957760
846726947085389083
243465946918949952
934169946524024423
794512946521800417
193798946332556749
417977945865343191
838853945688893397
142346945580099943
294727945547569123
726929945251398555
112000945099370444
204284944956416542
293554944776115970
682228944669738927
222269944313586182
778564944035196700
628122943893541663
400911943759213144
356718943606454776
411198943585244376
247466943428171896
533181942872212240
647166942640155235
120690942434991263
599934941647370772
946492941285214129
418073941071063910
433660941014214138
574160940983777465
727154940760042847
314944940728801804
890115940658657168
466712940138751879
439388939976536094
898217939556716201
298700939243211246
267577939066668087
303466938748383646
537712938223335793
549803938118794350
589875938062048595
476820938002879877
923172937595762823
237493937177174119
512497936827363484
733685936439256139
386743936178430411
854428936001948288
622070935988470304
940202935658998440
455996935492625288
409670935362675198
297750935356571160
967926935124364921
560577935053913060
923892934767160836
422039934378475235
360672934153153814
615262934036881228
804551933766544229
119423932584041929
766595932164702340
892423931866995017
814364931592280461
685724931574718019
885432931380861792
355048931345795985
282894930781711450
940453930301291342
418173930004509499
811229929759569151
999171929123980469
251062928595036886
999141928452433589
728140928370163301
502048928189100348
464746928031550465
298740927665973876
985810926940080144
136577926931485203
863275926892608442
299912926634803028
801140926453783755
109379926377803848
737960926342364925
362499926196367197
139216926148417835
932766925909056396
102216925187851577
457728925172174581
982327924815012743
889126924654061600
402937924473086978
781706924388740825
889845924341952905
662632924065494920
438559923745135786
223142923416372885
333218923393008565
238822923100633813
412568922914845600
740976922677459290
241858922651732987
966434922552839052
327145922451812672
402570921776936171
881323921144507824
219650920833766343
931225920578572220
362569920561540786
825971920553147905
699772920334537049
622959920253801008
304352920237951318
852486920230149382
722696919683591313
194817919175664006
999090918951788061
603775918871929181
772038918708469981
791807918626332720
770205918281627877
249127917985258376
573811917837119384
512177917758346763
105754917376680228
604425917139532927
379526916794384133
544157916167424581
388295915721316347
980514915599822876
216366915187027702
747641914493705051
446890913984929515
125205913940932981
970889913805825851
285709913635618396
842800913508839174
684183913400820526
203861911549136114
629026911315084196
973696911300629312
903913911011579451
588315910805666603
370282910762965145
128998910337002109
486989910326001234
914773910163857565
111355910080514914
278927909992964429
329426909938944580
679337909741671782
512100909621190181
833507909390065374
277172909221784134
664223909072337358
451485909031621082
351818908954864967
603850908437596987
745073908375717846
201903908280676872
862622908107547942
646245907898287034
269775907771548085
979956907654289516
611101907640606886
156074906867618909
344657906655914017
989932906591393703
404708906564356369
228094906501988571
569716906475728343
223195906333924031
304892906178704964
113814906038149998
206777905908164163
460984905615715698
400198905613288186
926221905389045608
784161905299690620
715619905099963601
811119904878137130
298336904863426349
106715904419944769
445970904417535472
659970904362656498
113783904148079740
341122903568676357
476763903504144442
493806903402990590
966814903360806595
551835903356964843
164195902906590851
872119902470882433
385799902436141000
762730902215705065
630755901771098278
820249901672216083
164609901348326475
385885901006752172
435495900914174611
120225900901835530
530860900817916949
295983900406253941
736014899682322564
532576899587609857
157335899049771476
558913898976714019
232293898888315280
574081898864363062
650959898802229216
596811898699576380
802711898648243866
794563898572898363
585274898287169595
717251898160710394
530372897974999589
782291897868135286
661288897135343180
884047897069990316
372376896994674249
346611896929214387
936011896873241484
855275896560171827
155537896553142141
335588896332981778
510209896308096710
716166896303212167
929653896289137552
196581896141576244
153886895890567108
161485895858234208
641914895764966114
769635895227061412
997708894875429875
576270894534795812
467828894461861197
794453894251805315
557234894137924003
630964894118193636
272996893188116639
834597893174583558
163854892371482205
715467892108266265
580379891015889413
553184890980156712
262908890892468731
181947890500866337
732266890243266404
732018890181218079
626338890137278377
921562889617000486
536554889477866172
361967888558582468
536164888503711644
116947888446590008
730636888195102153
327950887774021431
239069887748778210
730864887703787859
700166887636059036
930552887521134382
708410887243667181
638912887124065203
521646887061756296
525353887039300632
446779887022327102
509557886040259534
135763885995491032
212948885961600497
163968885803409510
549765885500528235
872668884392959462
903790884260840023
887233883858857779
906001883816995709
704531883679887707
869359883417342013
942622883222586500
188682883167728205
451396883078801706
712716883054665474
362107882359782244
762407881551871729
715188881480986785
508236881474790967
163847881434379037
882544881367863895
832249881100927531
219244881086946228
785895880518461042
344231880277481510
149779880193709193
567346880180335355
601330879416032106
459340879230313839
761811879040466909
153377878996709998
907489878569177808
243910878537177369
770876878482947763
570933878384523910
952931878344589623
834007877964080345
500768876808600203
942467876358234917
643204876292108640
222303876086606684
885638875702490251
557927875540183211
202256875142326849
819136875054637027
898555874425450597
666935874002965626
808370873470989748
442257873421056673
128193873381776237
922650873380794470
557689873147628521
907295872549564554
380938872505055118
351224872125418065
783148872016639763
720031871894574756
239652871882877364
281796871837934434
999732871725790585
290587871388921094
271063871093724524
456172870971204817
299339870289922773
416505870181874414
327227870022610842
505091869607174768
992273869586950259
889880869158300030
944132868572693686
851813868390511137
239113867470161512
427698867432476708
175610867066493125
762515866977490092
163670866678094741
129758866660001225
577728866007897074
107987865991815922
733824865901057479
548494865470476678
689793865333712812
934193865313873055
711545865276182023
917342865023867630
968585864844010842
452430864657412041
528401864650870440
407566864192378990
816127864169341371
805597863890070105
735780863714502445
217691863082358672
869801862878562449
710088862682499284
702949862681701396
233450862575557580
768209862389994026
424357862277161687
160565862173984402
152760861986244746
313648861860142628
693812861684921295
143024861465291141
917869861375640096
497567860959748625
675035860943509779
624153859646536302
980686859458676966
781207859010980907
297594858928303707
785990858517273425
370003858471375600
831017858422447642
939633858166134696
523223858129694879
378331858103424692
182431857966019966
917694857920395345
463280857650483604
119889857346735140
606761857334881402
519202856285893224
625366856234311441
850700856068548859
446001856007734751
288503855840278006
575639855822517417
211343855649464174
499084855632164659
294922855503997105
594996855455540925
835102855412820799
398610855337800592
889102854837064882
981201854633642717
773786854103889992
501687854001411296
252912853867045386
694362853514935288
880877853160177276
334581852465551496
335078851686414502
858530851234407021
399633850868939559
992827850486547086
910282850375343532
627099850340216956
149612849818644769
571813849503237955
757414849459738263
555608849426501590
464610849214190340
848678848861233918
982296848595675228
335691848508225951
847921848506304952
984611847352235752
145701847214499478
811353847063749112
945048847013097704
852062846897062536
601802846851796935
668952846830241533
640222846698121724
256786846465914896
346740846295950741
600308846232066209
950301846184262766
260420845721045077
532378845230067476
182711845024383896
853261844500341097
199718844477578843
648495843680014901
341822843355673475
955346843189857742
249136842777992331
900531842694127763
149549842580037775
499745842389052284
888186842303959695
981537841944447649
132830841842925315
634807841779106721
473236841561949098
961152841149132168
595750841053952987
760712840817732518
527557840745121700
450184840337278559
420752840336481933
281113839923198410
803394839834182431
731707839649348703
565387839353346562
357589838685368403
828933838176380810
853174838072927700
406578836643914531
671914836507760153
762481836478757711
362534836470335312
495580836401225565
926809836216757848
257050836082318051
760962835430329871
196697835342779882
590898835320072566
717199834634544176
979758834571355829
412688834403372750
151296834326923421
286228833829568637
922173833709044905
425721833593352900
738971833294932768
676738832703291567
763458832625982416
722498832371084781
309744832233099750
734943831921565266
816911831532766747
352020830923455518
986903830850411375
723667830678077559
611866830493055598
500168830176444220
105986830142718820
570326830012947931
563242829864979408
863059829856887709
617138829837105747
288974829748789021
903684829438119522
610431829336099613
731770828807579313
990851828585365184
965067828356513600
145585828241291229
429905828142362681
285582827754172408
510014827385165506
535633827037165989
805874826941340021
536642826903081457
936620826524606962
140366826160608368
896653825771070437
774176825542133227
826126825505551004
334753825143290186
965594825120099334
149481824190362100
563995823755787998
141972823731680745
995920823730181164
505408823075305390
823960822868235721
731046822642099429
498589822570496255
844259822362378266
750403822071093947
908905822060962087
449209822015255945
547112821774202546
888550821700932023
167252821690096984
214013821502143123
584230821289692303
680218820949645832
203246820872173667
183352820691870742
936290820130954010
789923819957314512
196467819672521326
861790819425729033
571883819401364880
288488819378020969
815089819370631245
359291819248045756
305952818956646661
646781818846572959
602748818257159204
320123818103395799
584243817910492105
780460817604434038
489774817581140872
808979817461669324
800963817230837890
174119816627876286
375910816147536617
286189816071275516
395908815949821233
973913815725527629
468960815662914766
586647815429315304
605032815272846370
169726815257608059
747655814586046390
973338814236592247
334372814009552314
849417813768209341
877438813348496237
771332813324964201
557576813241196224
160706813072487217
898469812697974110
136467812680171886
841276812147703512
503857811946602560
787467811863870857
316847811842905334
986767811450669915
301202811309576410
271570811022856517
144120810728284391
993374810538970532
849957810537544731
780257809663581590
255433808824863954
459525808804617141
540988808566633111
180229808519509744
572996808514310991
683090807810057298
478781807801147503
251940807759411059
804890807489423261
321146806973239253
657715806908610511
153113806806824921
468574806589083167
935032806414457684
855405806277612603
360725806200031992
916299805922876259
855655805715963320
182225805606065676
369874805569567652
896395805392359420
308017805299268546
239277805242723767
432099805143707503
831665804888928841
931025804858155409
870080804822462167
651397804821576354
905764804610230397
587139804484895638
863674804086818883
147042803999288304
474833803564156844
585444803548037079
168616803374121171
831525803306324091
142447802880660201
953224802763836597
608354802271078398
469403801487321347
364340801360379279
253581801239643707
290490801214711137
880455801110513039
514240800509134706
247989799957333889
608880799104425362
552488798787428630
145969798639021311
843233798485706091
191633797980246245
968602797950443530
997952797899517150
494196797848643717
726125797690132217
822577797548128771
240619797496975802
288402797381658928
782066796778258301
915025796378051361
357909795296598500
225541795211744457
576818795197611156
591937795178878958
461435794751040930
294634794570378532
646161794468609413
210957794221277815
794526793956970340
532338793686373567
173473793508737301
919437793464815808
109879793291623680
676328793134845205
652271792720872136
978261792015505022
102182791700269189
105690791268634815
816335791012909125
320052790265479693
961150790263460485
882047790163247463
409157789537588900
406888789023346207
416079788955637541
919238788905528293
885012788585146300
734886787727134868
347056787161022566
800637786672590107
452750786097862413
876984785811489641
782379785559877620
152214785439826573
438479785331595759
622489785294272669
498306784802620262
839398784396057358
173879784121650071
313359784040251347
495083783945003467
413409783917309711
475000783040589421
568906782772407273
682931782647206749
530950782457029769
315751782274638925
254328782254929783
844658781937478556
751388781466936889
610308781166953805
584261781166612698
591220781028707227
202246780987761384
623895780955109086
639233780115738815
754798779579929686
628774779562391059
858466779395683637
522227779080466003
187310778948920122
284311778677015174
229116778451128324
896293777823448573
591706777822856093
808191777774556557
228337777523849113
345055777498422332
957554777334640897
807945777114297913
431967777045027531
143536777020896137
493914776980359742
407123776835006095
126543776788043192
767446776772164551
743800776284374231
487504776177405923
845942776123818581
844319776087089446
203436775958620861
324516775773539443
737311775621382400
273162774718264211
430479774315454927
738268773938611222
248149773751388253
553097773610773275
896009773331705354
610716773317497281
638651773244933821
245578772959758667
537792772374476558
372606771602225936
581608771461865706
930486771201426842
797825771181710389
193277770904819216
744747770747712419
662884770707684092
849937769973982681
369308769364738558
492938769312734926
400156769148700380
186111768873898686
664258768550708927
162288768365962730
523740768065720840
638789768016291392
245252767960214764
574398767892560173
355528767619520467
383765767193416268
889734767146618651
502027767049625792
308870766154071786
845880765922749606
817221765780545520
201465765775605862
510965765746547979
342237765681024643
203962765596633431
402748765405869661
380602764885921639
743800764874329818
823662764747443805
391671764537573808
652242764160917983
294256763795137055
306551763791762664
649950763164199248
374780762881932515
582370762820048341
545397762612940438
352029762181109769
377170762096608908
566366761960349871
565225761949234233
781400761830750996
224782761751009331
425469761162269224
624130761026755082
888324761021550943
821362760944680306
793017760937311748
997954760767319619
207543759819094666
121928759544782083
833364759534531713
971414759082238506
776145758829341828
623127758818188671
977507758816018259
949647758722129506
711440758467718485
247458758345522496
388299758326391448
381181758202256677
175581758076961392
583667757611242133
161358757484117791
218109757461010553
461655756723387030
641204756723218328
660369756539323705
538881756360062743
853989756067270306
892229755693206979
200480755667483111
452776755661654698
993138754903914917
313430754519169505
934855752554808303
655029752209065901
282330752162636957
737199751976864150
328132751568346056
839989751439641846
744024750982155501
441652750803786180
883129750759247094
512019750279546077
432305749730819599
594601749719939750
490243749224301596
157199748943885686
939488748700174324
498466748626250109
907530748507377642
504938748459954290
420933748444187579
665719748130622557
427600748128159797
352955748034114430
801190748003252974
194008747818553139
824896746932632923
847225746831078281
624484746591853872
677764746510150725
212046746491927306
214606745770377394
132619745763973404
630813745742564197
932289745686935196
215786745235763687
769263745194080431
850442744587329685
641313744328213896
307498743979908171
113254743795942541
803951743742015533
140846743190485854
326609743182710726
182175743124322551
253263742820609389
232377742314388729
763893742302367568
964785741809492287
748787740717890872
729012740678215870
165663740353766106
767598740086212032
415761739954332390
678645739779186387
287284739760908476
280162739259549064
911532739198668057
902682739114289222
817809738899636023
482046738794188094
477206738751072569
659758738513158119
223605738103935836
426532738035871233
141583737972638191
927331737937379698
723277737415358202
118647737333990333
795375737313857005
878641737143114509
742707737073749264
136616736482387020
652115736416281496
549760736331248973
966885735792450372
359126735640095620
736793735319238329
748853735096432997
736264734854908019
611112734443772384
962714734427479619
932165734416952491
435604734139129298
478959732772802725
321018732496464770
656513732386310756
105527732333697517
493094731819940206
747638731730315067
489085731581429197
729582731515591738
807613731511858944
744553731406873724
335731731270267537
146229731125368260
362611731085902576
316859730688666015
278133729796453061
643159729724280482
760843729552594539
514462729437712027
693347729141057957
587592728745280360
450395728696271541
570145728465548090
767683728251510047
153438728021803859
420242727767532400
131675727631779834
491385727478120465
324292727265788399
506925727097133826
197537726783970320
639789726352365522
779296726348133638
916287726326461115
935607725990474662
426571725925861539
861916725619346171
737480725063131654
379892724942510250
641916724683508582
460869724656067733
873194723990315410
461754723727524157
989319722904900565
603439721996978068
861836721747167004
228040721739354301
116092721529073936
730016721520360758
581246720718491830
284599720119295937
638432720097237432
700972719904812148
568692719690977940
524236719370021454
451193718739001078
661836718578368218
170691718353172729
745053718043826309
637631717992803714
871798717279395574
503793717140966927
341080717053456242
397708716698363009
683858716227346309
720038715325022735
424574715140514396
794736714969055567
419538714518399009
673732714458197533
971848714360616496
984817714127519634
753178713652062404
177846713399294640
813656712917837154
204003712553574530
503395711672828816
206418711470100063
555498711433764460
474299711381786557
701403711185605274
567117710822400875
810837710804735210
521351710658513491
237740710569666186
553523710407347415
142513710342292322
186254709866939545
831090709660255588
821504709555852088
579640709167810751
256375708704418395
309791708339684596
111306707738596822
901908707620309165
219117707066432450
504893706645831930
792587706478722126
774886706373185404
962786706046808979
992273705717666423
899404705586731733
826943705164223152
611619705087765863
818273704916728615
116413704815508304
557173704612159369
825484704462708766
384653704458118476
919508704379978532
281772704280222721
316090703979233372
790342703967170131
763276703710699248
125257703681546049
781023703654177905
317736703497529394
388945703349387991
226173703005406208
332456702367717601
360244702350500561
371858702084923991
978457701562350864
967616701529837806
793406701342145109
853980700943014837
585077700785782011
850409700780337381
128573700724994115
172125700498670009
206948700298378921
635846699874077156
107701699862295781
745344699812331415
854028699630231502
203756699596640937
451541699587902158
457326699294795339
732342699209591792
917342699209350400
444917698986531750
695086698900966857
633965698053307560
911620697980937965
955604697810014096
366029697654521384
469913697365228574
752533697172171447
531961697027875011
809143696941493183
380417696792951625
541459696691255198
421848696382319377
426720696139888144
864168696060605777
131460695265019839
669996694931002430
346440693605750253
892873693564879184
822716693181943714
703086693029002657
735076692998798089
373703692946895963
253330692941541186
753579692690145882
680450692614272450
206689692289115217
109445691902448492
312557691741673054
895681691137257690
548893690976518345
441148690607740353
638228690423542492
868767690193776332
830227690154255062
773748690072517921
831644689948303331
736383689881061480
358295689720690148
483638689636039870
597194688956241642
983684688950368440
618106688922833640
356932688770309570
426707688735562436
405963688677009550
847925688652715761
427963688649018892
538584688496395414
307818687829082167
878342687541747023
646392687384149740
885252687241515009
279872687139063657
455188686932086994
892454686318561498
621003686030186272
290704685257870334
958659685188368131
753373685112303256
871799684950703750
720968684919740164
758620684518922918
389884684399808067
425648684383222054
271835684328807891
227192684318216793
699316683959111634
545304683852055855
796407683255180583
921670683238366967
761164683122273617
501389682833818779
797228682771329288
144392682742598005
834300682254233399
238114682169162356
724437681821425976
916492681511253438
260871681486395010
974489681453956666
126587681205479328
767484680996853208
184210680850738559
829097680769166586
969102680531416824
507933680471105520
270786680067082863
232677679506532194
918488679426327058
967534679100267931
393698679056000693
180872679046490763
657474678816389753
268873678730148092
970521678582639056
782665677712899987
168563677241744507
756069677175993346
359068676006788515
238168675881440524
742570675453242286
426301674910599860
268080674830042991
211525674576413469
910523674111840996
578568674045520248
890295673932156664
365840673500708271
821497673369384438
775486672777493675
595021672400538821
358687672386952518
315246671698568265
124329671500424923
459281670684259273
730790670615516066
567843670466637223
356091669973201120
111626669946168039
139215669248972432
358441669154866239
451055668993997144
385161668828922079
231909668785399813
194725668430697021
180706668418383414
503856668207717065
720137668182761245
446015667939883851
838426667613093277
447306667561293124
161094667069360049
249265666860599862
515276666509792577
555205666304591284
922796666209337638
249622666178693259
899238665783168693
468281665339384986
955980664843842228
363318664539324099
216274664518956570
604423664283063790
684904664238085541
868696664047365954
170917664014586120
987293663603116233
325166663479294719
704403663254176853
554631663195118424
265622663052955605
828139662851030668
438386662546020537
940253662085976213
770041661942002295
527746661899005139
621018661870405456
427048661614325963
591829661413468299
937721661342591562
145946661279241803
544276661090359636
319251661005797665
219531660958690337
324454660924234191
787000660870346902
656398660743251279
564179660277027379
822454659925457736
136665659903737097
207966659866306413
754060659842298904
127779659389323218
411272659102675921
773716658673262408
470321658567300846
527027658567200731
959185658552904374
667770657187897458
250849657100934638
788612657084386288
398122656540604567
730850656328090734
850613656242387119
860771656180182665
264588656138275504
151003655917487458
361988655904117943
522833655843532753
705251655732245567
180201655122507150
790671654710636961
693036654142878810
466925654073702244
407039653736496882
664455653274114847
461696653227194879
821856653149549679
946294653066414301
463379653035692518
985618652867722800
811434652342143402
769768652166321451
859573652132079885
970717652039931493
420880651497735786
749047651152956000
485670651023788503
671393650613306745
779351650517838910
631368650376951125
338532650154945046
895218649908164422
607578649877774363
817662649582583036
386190649538634572
852432649433521904
837669649301408495
955403649083023908
366223648999195564
545692648549122123
457653648306934732
580524648228839097
811494648184411582
506103648106075462
625006648072113023
142345647999526257
387238647541925222
473489647495253936
498372647476174434
230496647348933516
407790645992318755
363334645343998717
188877645165239705
278022645132614394
573755645021783418
739068644834547137
933028644255240313
851039643989850090
587472643945365011
620684643912255099
645555643631344892
322464643493642340
379872643366445022
390024643148631019
343264643132844170
465451642668946966
426825642506478229
233964642485877225
940942641516662833
149265641274619502
428523641095057146
160222641050708814
935356640974964448
211105640816920689
648783640740171179
826496640634109496
363052640327593304
423115640234656818
858780640135520919
929947639775497083
745892639625367553
388126638941993749
775418638711494887
364396638620861574
434088638566908282
342253638437205559
770500638321464434
215665638045408592
905694637728232587
271129637694617808
635763636666920468
645640636574055518
536911636310900774
607693636278557339
827237635496245703
697833635460466216
787391635328347343
639288635120279348
855606635106816012
621706634800757173
547850634685888881
819806634118611799
587830634099948553
607371634013525477
318763633869740742
352249633808842471
139501633521499543
499635633375536014
338188633302478765
827453633207839849
111886632683748242
787693632362504605
823537632126405621
517719632088330272
256666631936820426
969396631876829814
661787631859410906
102571631431744351
880692631418523903
562545631110447477
319905631039695052
876763630897328719
606295630808793653
205710629760807759
461122629644975888
217299629240070504
807309629206919713
348735629193243523
997309628832319152
830030628651988383
994113628638222687
469224628612569268
520985628517314531
594463628064290492
577917627779996753
452526627190829490
543721626283893948
432017625893404315
267897625522226642
901724625444954940
331657625295345797
918802625145151574
750983625041110230
550855624898912575
703526624670336043
620185624196866490
547758623651718570
662157623528550677
520109623488540989
784022623476209461
165359623239381583
404658623154329857
293525622867722026
510601622715199032
489023622562059571
628956622371645434
162733622212302226
390127620725355592
398750620690849724
827307620348069343
501964620312173094
987162620108688160
869981620055951910
780999619880459226
291630619705878885
711793619672874418
134440619655902882
835008619524899102
460185619459933090
809932619435300098
129460618954203712
773669618417965746
713036618230132041
982962617931599784
912455617868163583
120847617857902485
872568617538429857
957192617453231237
384945617042811837
798631616497290939
521465616440538726
689082615758206548
821225615387262986
307662615077871614
987063615045464942
354890614963787983
629601614703002952
816835614537029394
411986614449282873
608156614077843899
931534613945578047
521658613920070443
311207613540282271
907537613373510343
793278613155722591
381054613128601732
582230612550388469
527601612356423027
767001612248857533
553420612186942460
293553612112607632
489299612110096560
783645611898462516
269105611897622780
623201611686590616
189094611613621108
792603611602730396
345555611600525690
801644611499089388
227241611366604126
874101611104208370
753434611020455526
522352610645862865
682748610587336605
122007610495045709
429767610458920873
336717610344663749
922333610071369297
682292610061898110
566056609930491116
836702609841932365
670541609701940671
250206609697695717
185611609085209040
672959608582064482
440371608547507739
642282608464380111
495262608043909811
907427607951180270
227406607581473825
104909607451141784
317863607180260617
312208607100637306
367120607082246268
263342606917465964
642358606911907938
215583606878506594
396784606805576517
415976606790209833
390909606718551574
659443606683461415
335569606505567564
249990606439997644
461687605942982231
420175605808002913
943470605754543244
426977605104194980
379953604950624402
125899604530459937
874758603225279758
165219603224009271
396721603185192362
816364603169352907
227156603137395162
761152602802594963
686144602768012172
798536602719258919
301319602704723307
417324602627083557
381188602426864332
469677601808849425
688899601328790913
818615601228138974
499863600743131109
108418600432430998
650376600227025145
416232600122319248
790599600099272287
315200599997431650
656380599725883649
870888599593414310
651305599352346468
848427599067187441
207176598807320659
244696598552502259
727466598126343235
639087598097734719
800937598097626819
379998597809536642
809254597799986261
126412597792113418
986005597447789365
753461597081805638
473953597034096508
467796596697959496
943636596394210658
358723596374233619
632754596073646055
638727595330273202
160660595285886008
867161595182346820
794536594759368409
926790594104051745
687225594098916712
385132593768991550
268534592422540503
651442592313895205
477887592099886028
422727592032073136
102500591563193315
982195591522275268
682869590485621682
715844590355787759
835310590264948166
192149589979869547
938504589773252842
440200589726090091
397431589711971327
240130589666910394
989281589480712621
318003589286262647
258466588837830585
715151588773335050
414167588736345522
171878588692856781
286866588565591698
466935588507495323
239424588390128988
348073588296304083
676179587546519808
727842586723852913
191840586587385804
161006586565927411
298039585931322115
610634585864150020
986065585783711515
964591585757548649
949754585218619794
125222584916948401
414197584325106492
839043584242121581
374676584240725127
301626584134161231
917892584125304081
344466583636036455
718029583299381310
383964583233649656
704828583214863934
550184583214043661
186478583072104620
577667582802256498
197969582521119763
724478581630144331
153002581278724979
982928581161245265
776166581008242590
312161580670445187
504115580597544657
338687580070324249
863922580060598655
757523579972781912
304686579783114207
486431579173403156
198697578753557592
202134578369626299
939434578219199188
271137577875759208
728994577534962667
344857577020828560
547661576997876541
713022576842325166
758046576530218625
358111576449677724
142847576376716910
659528576150628192
963432576112070167
125904576104922838
513549575887274991
375486575102321792
499922575048152644
601176575017720355
782784574792844847
863346574444399540
491902573690404837
461908573662752027
288919573590456595
981705573471363663
889754573306490009
266698573078965379
900085573076001606
991345572845498115
648288572760864125
156433572666288906
613560572587410044
671347572558787905
257732572527395233
610310572240075721
628772571968793409
265381571908941134
119515571852432165
224724571489543606
999231571484621668
539345571470998200
316620571334053702
601683571090392412
965480571075812000
724894571065059459
470848570310413981
981076570158039965
715650570077657475
134023570048432947
660191568922941295
442865568622733705
828368568529881297
869032568426406747
392732568161083813
854982568049926025
612062567909329086
403580567494486152
684210567482468979
638927567290233536
737784567165354136
876891567142578646
486250567075275674
416085566642794692
999406566562128133
529956566368953368
633890566191568566
683853566184123543
631444565890888397
605911565402861668
422913564660313380
159281564625402094
236424564217389465
210391564152538364
258519563881768793
621839563737253483
247279563621937483
224333563526094626
713170562683122521
601070562473306566
284341562008343425
951268561599961019
829053561337284199
690535561269542393
996018561066734233
211513560861764769
519041560540727146
302729560540667855
387190560460972150
727021560183062871
831170560134866760
911708559841407115
780385559840297642
300720559702641053
779114559676247797
313133559585914439
695955559257968160
230499559188251558
310233559097954172
162832558992693109
651325558852705074
730612558483876648
641591558424493618
921468558145102241
441018558087180470
951508557827283006
309425557601687147
844345557439700841
595464557302381472
699391556787700581
889149556316523382
465072556226031786
297919555750688957
114792555541057411
231800554951638129
838959554903728107
685737554655247776
250133554549455902
973377554238091850
826704554196719127
403441553985242815
859187553904146362
579652553896206839
840980553712219958
301764553326263736
581244552981458122
612208552615705920
261515552591328434
452570551887249885
128902551878531190
493152551698711139
466619551652608155
489577551330397809
818354551014395880
284091550730737585
331038550514230690
808724550082109586
136201549747784864
549236549486053769
393624549386676561
817898549342259335
222496549208908913
859310549111559525
286182549052486233
456614548435099291
280592548122039121
839933547956676284
343570547766012656
660225547539693846
852174547096152170
242897547029829943
823095547020019578
122764546946780211
147413546396887540
952146545689535796
323477545665680554
204911545610946542
982099545547455137
531175545492123174
121280545452332995
370612545381677373
336832545283295225
302107545253349449
698956545212302442
879228545103253429
352886544916851350
289951544888237185
697709544709607032
344935544550286783
390417544486711750
363890544162004075
603021544118625625
757781544004905145
261932543646935544
316154543436493639
641299542955153875
503457542296916229
498950542136968373
514057541960224699
534220541741729731
173972541271982508
301500541226668598
995156541072513651
102990540942628902
900568540885379875
357530540809970569
408047540761932783
925182540199247985
572146540073754592
663617540056153329
361086539998561134
806647539555095477
767923539408566840
323902539035201024
921157538967263972
901255538785428481
226453538724317032
438107538610745097
350386538570756294
167213538047824900
166187537600069228
662752536866663726
873546536812350495
645383536275825456
804787536114278581
267330535908442355
108071535598797440
210021535211371432
694649535080781116
450899534604879031
129996534462284232
272117534325277612
640814533474079187
696826533347275736
324409533238196793
442550533148157962
333657532833391636
677641532544738426
978265532507133409
907076532395024532
815031532305921814
195823531539956787
743179531499639275
966868531326852660
428161531265403007
408271530683056685
294280530600610814
548404529662026394
764829529287009003
983503529228525918
154696528331479799
683066528253641489
183345527598899574
224611527363386424
238087526827158676
882271526475937899
877711526266224243
211013526140759093
282500526134400577
157718525905506586
929266525904397921
686863525647736661
455034525404626578
364057524824336863
626832524658315181
260718524392258122
790652523924103460
869489523573978252
663785523450589654
793752522874801965
437299522797048762
372423522711150966
349284522643854105
256916522422890449
598869522360228122
314293522324533902
301424522209258913
141123521964663665
159567521466307721
570670520901409425
249617520885133279
813086520599098092
583871520520695524
330097520435576076
623936520391716837
927923520340383444
344586520169596775
322596520080672380
230398520056971444
664656519941265463
889767519502943428
919916519461741777
505746519333572934
538378519276723273
791796519045908125
858694518966180429
353910518905186809
514512518855124020
124266518209834069
341005518033249169
973485517982916778
130563517981786316
819463517180756169
105694516772725452
485787516074383895
986776516071112297
836788515138733751
781156514912040792
513753514216180731
612007513924287829
360081513452042608
165549513308212976
225725513037137747
219769512816521788
464934512344158698
130089512315684967
980141512238240101
422118512157558501
611716512114051424
193821511761043603
281494511722993192
389659511567190157
407693510655152412
663089510461427082
896114510296962615
336274510284637575
695647509731882507
708528509658812709
987436509357127833
573383509098124872
185765509037135150
428203509005265445
663427508889738528
120409508716270976
472733508408672676
758706508330289986
703267508252759100
187825508240305909
878013507726004593
842090507407985025
729142507350995579
648582507160240274
858221507136312693
628029506647395972
657672506597655056
816401506564578726
313218506422183626
243484506301105817
573100506119469133
665012506070387212
407095506055428212
873416506004837857
348253505360321774
994602505146694349
502792504960644744
657318504957207988
744905504862071072
930233504787200895
115677504407090696
973991504374895999
695971504181742104
904195504126787213
145905503441629760
459906503345134704
750749503336009703
319802503287652339
256668503086806958
172720502783663475
768539502775539671
739237502764482278
468875502615971140
461663502438378014
591614502400195929
433366502380174717
422011502136510913
784546501919879579
846296501550847095
727564501329829795
252215501174677626
918683501059282801
624709500902522338
717269500899266240
590966500741753631
570991500083464449
542026500033612158
539382499984833165
264045499867200639
694013499715452162
670311499470950292
176439499258543312
893882498950295359
886635498734147419
259151498268045315
130669498256487480
236878497971439136
545461497656774980
554918497197431794
703151497191566921
541658497189258476
511666497028779962
995265496820466769
291724496820346086
493383496381411838
333419496183519778
201413495706329148
323911495657402294
295840495440519585
586612494880981684
316094494842329136
832697494728585973
569399494625448619
700046494429900096
693952494169176841
666810494159326087
808558494091918037
422473493788103941
807470493600449832
211678493213545708
185767492740707866
698837492182930730
817078492076351526
595544491787938664
758031491550526644
642009491414003235
535678491407315642
387409491238799348
203348490951803557
383663490858170981
640907490735542827
896980490630017715
667450490509143809
324316490469346076
159955490450469395
230754490325950825
230937490285018955
628731490057874280
835783489716809010
893588489525413811
883303489318164900
149191489080813035
468560489019374009
656821488975624993
732306488255046805
756860488234972330
182625487989309013
691635487831513749
530274487717762233
514644487630700777
385355487486132039
904267487476803061
523401487441224925
435667487123764546
593434486689476962
729972486585592949
376938486429950821
992874486129050992
528510485509732300
616043485179047505
964446484999706068
244865484958726424
310069484882978213
564572484786247193
622644484434782483
960159484226976285
958853484016016026
914761483714920230
743548483652313277
268136483640017855
260114483279074394
431110482870198491
142637482407958116
111627482306202822
513850482268579942
299509482161543177
390035481995995748
831474481971933497
401152481820426979
545698480418035336
394025480391659257
394156479652336764
924496479516020036
726844478693926368
315619478588427019
689637478540403485
235427478511222753
279747478316523638
462384478250283028
677569477964144785
628057477916845143
108605477893275362
208911477625919488
179543477501021678
163828477474561584
661854477177629307
360565477100693576
985931476712433637
653414476704895707
192000476526016970
366752476368838068
354105476325873007
557706476321642262
439553476269346813
939145476101728074
258084475980415721
782056475923385592
950743475655632648
963967475326344569
955866474622140848
425566473979604327
393369473873257019
562123473279436727
523036473190252140
684708472988666406
145812472806649913
263239471857967820
865313471032870543
754098470703479646
919593470625443367
812930470450132420
669742470300712200
707402470188636745
631679469620489765
888488469362488393
909508468914164901
149704468798334211
151724468399077950
511432468278931620
116898468134832113
979942467695638795
515941466810053356
367167466519893775
413102466211429701
148159465995838255
759483465928953696
787414465811444123
127421465730526902
993564465691890176
611460465397255228
495581464955271591
733144464640190441
271333464479856217
368531464143029539
233640463423006598
506408463368896946
125505462425728407
201878462376816713
260956462330150705
930257462071954374
883105462022724089
227720461927006807
799001461831029584
771717461663641905
591035461481662012
678791460999776803
619094460843258337
425606460325192959
499439460251634407
981758459774292092
379168459479393640
315047459433608948
785838459243056508
558499458927302440
583103458877619311
384076457707601741
876695457536781025
505263457440005046
138086457372981538
856398456907067390
557779456497438165
675483456433380854
491270456191576886
226569456101724930
468557456026445607
435742455233188951
955944455043453211
896302454636420179
213721454634127215
426597453852729321
969442453782086678
813325453585366472
758473452366105373
683897452269938770
914606451931554747
164480451630017388
996523451192413890
296883450088222590
450371449801890817
770285449339313833
505451449110531274
804022448924852557
740349448677557538
945329448546259153
458413448083511113
138874447805657008
463334447747147044
609682447723048612
666490447386058659
734798447046457916
265542446904308970
836588446841260327
402645446338034303
165446445841634798
666650445834586383
314359445730518343
685829445655537980
421534445300369451
668750444786132388
742151444411628866
834288444008805447
170721443915784149
399153443749189208
884778443588749457
837144442991441846
303842442821292911
717680442780163234
946381442671926286
290486442385934562
349467442381419146
559909442229173592
203298442201501531
758422441104146030
221139440793361790
578429440644295945
502438439674179907
596496439365341927
549315439281720213
619266439111888732
835644439006917851
987628438464982069
169167438248986946
746212437882640942
826173437821069888
241093437287152115
261070437234146892
672234437193836893
813511436015701059
386389435844874766
750955435717864961
508374435649452479
919659435410294599
657619435295669224
680591435008593185
416184434730169790
722941434550190889
371198434293755797
789904434225731953
243144434079762286
290831433811429095
329197433715385163
607668433056960670
146222432746377998
259011432485831829
309522432289773113
392404432049588266
659126432040978826
954802432017704476
324021431934850519
232691431611245811
130719431432743879
227109430917013478
189148430446971717
301959430339508314
442589430006548694
644273429930371730
847007429707451380
652422429613302584
924637429445881140
861990429404647055
493122429262184439
775049429206421385
783642429141414957
704877428913860167
409594428568230064
955668428564344100
736722428205354770
262213428058187753
593046427793545227
575916427414547621
744890427261090513
760928427221628873
498609426937646460
957741426761014831
446921426759579193
431815426751554166
700457426204798155
392211425808686009
859960425778291476
622360425702067980
435095425132846859
527865425069013952
637176424761741538
307743424673011427
218129424391651727
478026424272672994
977054424220989603
225804423958698555
656385423836533694
909023423707041217
120109423613036411
879186423494773601
840131423211632349
761922422558701337
351572422038107850
516348421690041733
290279421621110628
553305421443466739
200440421213684611
412728421056546990
984479420942849826
339725420592902176
565520420382127761
276903420367331386
423924420315230159
688004420222686768
336417419863483277
796080419739528150
577171419681567681
340478419587137911
272161419453417099
628620419395383812
991829419124995633
620651419065144691
557348418834126655
552678418182385767
252955418057802602
890215418012261226
402130417744363460
117838417625721742
688740417596416745
389498417437423334
904920417391719981
400033417363414761
498055417257430002
560858416866101562
435511416841910622
499720416753826084
435594416731767104
612413416612235745
191284416127548898
842241415923969066
720145415792237217
175573415689565238
847631415655174760
457660415519371995
612794415210371435
230492415210327194
198403415184489092
754286415063699454
393325414971208139
399822414960955381
796119414861652777
942419414845138906
178655414807809508
492818414787614880
261446414303024724
611534413901190781
372804413686498218
458830413191632634
867105413163038309
838219412733232296
468674412644722935
282751412573709242
510083412397358196
194484412133475490
653220411975842350
555323411851851286
812050411668069416
189907411088691978
872257411032363311
686005410934822299
122554410880515935
155344410726567585
458975409802168769
690399408994838116
395201408466991518
995977408442290411
595364408403006796
541413408345149190
946897408294543932
554019408190047553
430332408180222257
175325408047969774
823073407962469245
354525407946091962
345819407933801308
928498407876890435
398977407682810763
315510407625932562
622821407380484417
980291407379632383
868469406829373058
272534406821999970
391779406770015564
329162406367371880
310564405983719431
192802405831255267
888152405389998327
704488405312891472
819869405146149818
852300404994597203
545137404619540651
448274404569581820
870228404197587667
927678404112092485
946831403649029696
409782403317661099
641217403110885951
458980402716644773
847534402362464913
506608402119877079
939250402076189536
835878402048297801
176207401755422236
610441401638024256
501598401437275527
668310401152712964
346650400954470328
823017400557792715
130469400533730062
167883400405557401
248497400230687397
824910399977255540
105839399821584397
407154399802009788
382761399323112027
307124398851099969
919354398703068105
785696398465972067
723896397928947767
883395397500647110
282754396868539922
431426396439270854
165172396316006961
216206396166094009
637631395821597688
618943395789667788
409570395772971785
994382395652234384
439620395641852519
487944395508742002
840589395449672954
869541395293856921
542207395232606937
819872395222268145
266300394917986981
647051394892479077
753262394637051907
664078393721760518
818650393506727551
371609393363881488
440869393273702704
596760393148888505
413319393075764968
329166392135645649
840774392124757450
271885391924064516
824810391765062298
232486391742031114
484522391715175711
439791391616063191
696202391481992283
627740391201755786
475676391159251754
462870390749275321
602429390257907164
391763390178485192
722103389602073048
369491389518604495
216032389337485802
183380389136585140
225191388891940887
349047387763025777
748583387013112409
705366386994102203
929796386370619211
368603386358249127
193888386336096210
918419386309508259
165605385476991125
884631384547600995
117575384251137298
844615383771884345
321939383728077466
848707382497767675
554450381980783237
702277381970733711
212981381189554008
904098381084342736
871380381044591849
680714381037181881
180541381024234481
685002380921694227
303759380791199032
584044380785511622
283577380250699434
460223380207229185
776441379307934027
364457378823304642
240516378524919721
948239378154933065
518988377945135430
386811377574216355
624365377459184271
169250377354691347
920233376936120325
583109376877676723
441805376785667464
607252376553822607
371159376166833814
369367375526343495
222370375426141895
889100375417428538
136002375249210091
153476375180436007
496263375060845871
130562374923439109
978731374769428674
868620374561369874
834921374089060251
703260373583028707
312354373407493970
532670373091873581
525684372861216685
390428372744152120
137587372371081901
910991372231346728
407954372115025956
404674371910945931
425779371882160403
602880371874986926
393562371713547598
840083370878559103
823493370669916951
964520370244912965
990846369279525094
664444368777605651
947538368495708936
984404368338837459
255039368030575349
687602367996298573
686216367951015183
756443367879790634
717576367841999881
423505367615002798
428288367530876952
505053367368979086
327164367353864193
896820367353301337
872047367165025790
258239366937304410
823863366773249188
932171366510208893
120951366464566640
948749366384270083
668338366319854182
669232366269247487
955707366165707581
878031366126465939
631363365921635437
977282365777952528
340337365135892714
854738365110776737
631268364886325283
195653364884259515
637867364735608279
863920364417030034
335600364381357155
353694364185781436
953765363974550408
131036363857486065
202410363841414112
608868363652438774
853840363584396926
956722363397132754
189784363182935664
673379363099942291
784270363079606936
785189362673129214
323964362545868707
540715361982051209
706503361800812131
510500361779785073
630149361725576012
499783361597161917
720438361559862893
769525360915768206
770716360527427232
148137360409265672
819291360300869880
180936359582482423
816043357944801289
293673357478003511
476553357450922559
492512357319463958
812535356345707898
467993356220580798
169924356190972416
246185356163340942
451834355735967036
607426355676520971
805765355524989285
481966355507638221
776412355296906157
793495355288871625
427734355150355611
305213354830342125
998195354676452961
454356354340867450
366481354187685720
652412354185398451
500320354043733559
679710354028869301
100499353510833899
752305353467707137
265296353355075152
390909353151322352
101477353017186860
547042352809753982
474589352422622188
894360352369137576
935869352243827355
673954352183176418
727679352180593229
160707352175457630
743734351308411974
254690350964695179
724967350955798961
742026350905162216
288283350828426617
803562350823241670
862282350822276387
770089350628448194
287154350429115577
664770350145246732
948618350125471269
129738349433031798
305851349420525117
688121349342617166
871478349066734443
538689348968814491
931203348768716470
791139348768157239
365912348741768344
993801347813604484
112276347526106519
397836347508644593
333232347503026178
552311347357679432
957610346966292018
511094346695463890
337314346591271264
767863346530522941
337353346518414204
293503346445985412
151863346424735336
870493346215602909
826833345810672192
763898345281031001
504040344774454866
643584344707036184
111913344318611115
541891344095642463
862565344011969758
937300343854181638
370302343420922845
331824342713759737
855991342359925323
606185342111378019
980911342082702232
299409341871696288
499402341844492318
698775341585322449
790165341567670035
773869341566739117
686384341515007606
759882341358556578
438434341166321229
959843341099766263
380522340813954581
986499339946288526
140843339945156949
978953339891205093
951771339862616928
423241338843396930
448756338268076326
528864338114405889
494436338048653464
683692337412477528
503080337156785029
589154336708155763
851643336685176564
916088336331492141
850854336233322830
457185335663259297
549762335585007790
902322335565014674
241812335416133791
878767334592696421
871602334115528460
364812333722329293
331786333667409785
909852333545115174
249762333297803942
550618333028089237
204164332633723425
778276332493424816
733483332479829568
323303332062565380
923545331627821219
850720331406396493
359110331005975351
448004330872881924
984571330816513466
228571330706291074
816734330601445295
439036330461033068
677458330269373091
891418330238822211
218517329956986839
972807329934063379
924922329925734751
662426329895681097
161699329458974136
336589329069415192
216798329021932812
874024328968616060
580407328816352452
573260328718107053
625960328479440430
425712328413868797
683906328208034107
282601327835637538
662125327786224261
516234327673098273
780278327269068312
686993327148710600
978943327146258597
574491327117269933
359086327027549922
355934326942633218
470676326536249606
850340326210841615
187740326171425557
818549326081618012
997128325936046260
252008324919032308
881285324224716258
377974323961131673
599265323947428644
337264323644317406
198999323559378179
667276323304480999
302998323017277607
482672322663048523
775338322614423364
505519322551443614
523962322200396983
222730321986688056
897867321585634981
785670321309122920
820397321190474462
620445320885123787
443970320780078273
881069320516538954
607359320386873980
190049320302796073
566324320015558447
472588319841209753
629622319594192718
854787318782907647
188374318557246457
510585318469387915
921911318333684484
102967318206292668
195325317547467243
835461317533207612
593879317506245442
180891317043355215
301976317009719936
453839316677515762
245529315609458538
153674315506580629
605461314936551965
669420314883277880
904555314855496824
821820314566425376
613245314419640788
890287314067112128
624434313479506861
292057313399028123
968833313247606646
298639313120027687
717661312002025296
555494311624487044
835507311287744684
125340310805867565
290271310351377879
733360309383518907
936722309176850681
553455309042515335
736651308886508759
327954308704067697
572716308012189503
358644307997113429
413547307991659919
760117307475499372
973306307258530766
857112307110427139
599150307094488731
726442306973594768
983568306737289257
240830305926937424
120054305414902749
732942305106647775
564401305027741403
668077304970995940
679982304924123235
967515304923706344
453616304918685520
594446304596494366
377575304174888004
179478304127261588
626070304098106966
897815304093353485
412470303787097021
823243302916346695
861574302831347632
878433302786724666
469979302071197749
878290301400504157
962992301393465408
967523301100324293
342679300963279079
345651300358797768
346361299929673418
226380299803640699
299951299537492893
842017299432401558
341217299174967787
490502299123835520
972894298941419909
804038297935231708
378902297741144854
606637297674809270
279723297115532188
544074296471161197
430521295994591671
484967295879204244
678601295812426309
838327295770268149
607178295621794292
801776294752375770
185117294573099684
746372294122516614
286207293997171923
975788293914546307
762092293901436292
418845293849843474
612211293775872022
926729293388558086
183598292785742009
677892292565386374
372411291600596947
407089291327626834
632780291226940298
392714291200798788
372313290779524518
394064290133987978
123972290131359278
992093289878530676
840062289661720098
521881289543391396
439715289176093582
937681289142046671
131366288469213624
464029288456840408
150877288422487185
179430287928803164
981349287560570364
567731287433707598
854413286920715653
478934286832234315
821148286766125880
367740286582202383
772455286558323978
955689286475960627
147881285914979611
307801285824257370
355246285704168577
430801285575137389
550183285238095705
498271285066076130
812549285039127994
324385284871704790
469694284850321861
833941284705057588
218388284481773994
758813283949337482
312171283690413967
219557283574155453
987836283507194212
412000283488835602
795729283282946281
786432283087122973
309203282883227352
202841282764413557
298690282462563961
377094282273753247
478394281736945604
939245281594177399
918830281505612596
796741281436384076
204109281386623561
284799280471745850
873734280242229477
542037279807790938
806621279306109401
674682279054071320
797176279032405051
445668278917637156
508272278536135467
281446278494543861
511618278271094648
567607278268606316
148579278192785375
530557278090319797
231702277920964096
390781276909220954
988760276266217429
898761275970096714
567329275834225918
789002275352939339
990216275333432549
422957275307603130
952592274812146702
928488274800466159
165312274726447025
683404274569670279
882620274231715984
472731273997438578
319553273936239387
496228273706001793
390620273628095461
347747273068985564
440878273016143262
841965272411669643
565933272318970236
395867272138922765
531101272034061693
680038271956459890
660831271130751676
988813270938313216
676870270621389195
853395270570257862
647409270523242058
174397270436725040
565778270095986163
428805269477335072
790012269413089016
184051269368649650
111773268045709603
648980267274484417
806415267177201981
343457267135402916
194313266246326806
408930265645075816
791200265608504733
596313265496043316
656292265344412236
491359265161750770
392540264613107170
368039264415794253
734651264071001590
146706264057643093
192326263547560393
647192263534573416
264231263234752083
506474263149344288
813297263028607924
971078262852491855
584174262667218641
519301262237428412
103946262046957841
746619261912582618
752345261223790256
896408261195256900
204053261106022460
749047260694866845
333838260124214596
861347260002393536
825025259970782187
285124259946606252
911174259905904388
801394259788995316
265044259592565728
713217258979123086
990740258090262829
817793257787125667
975047257560331832
197691257444602124
686453256985009807
241368256643251564
942327255761737032
102424255038271784
835801254971319173
454174254738128884
234059254285629087
359687254259655610
355483253596257001
582849253440400096
558436253394554014
516890252685565249
939890252542278628
795971252125388553
844187251446919600
609993251324258602
758384251253364804
904667251092284553
337989250525617809
882745250355500715
338566249467618548
308105249454495103
990132249378234183
446440248747126027
916257248669347552
591088248226164227
172894248026785290
413224247909519038
892949247904491456
597533247760327119
696048247697960363
674534247436134501
937679247282688129
475282246528588926
853142246482681698
282042245918692217
798796245770909942
336912245711404677
766293245473227010
100708245146784751
522683245030659101
358162244901661624
171465244531458445
578230244345892922
864762243731356186
667407243540379560
857595243304992223
918242243271306567
203269242217078251
156117242149009935
603933242112256882
758076241734305860
922513241514592815
927394241262976105
586055241236427943
887558241114844704
823123240753198283
192180240721566513
454693240579485777
213817240373828626
613623240124774977
839257240037932065
475344240009249823
664559239216093610
680322238875048741
418611238670916507
933552237934397828
887646237623461281
628431237621069835
557934237287130967
189347237277662495
912056236742785783
548079236306173967
471068236113278712
534793235810382473
434251235587021050
426195234797542901
676378234061471714
342177233972652549
802682233294291390
915254232772856327
328871232693446870
208678232281658686
834226231797813872
462352231574918497
931477230759779263
482326230751794665
857216230500015129
872958230374191705
869919230362032552
334655230219609822
621900229675059221
434145229569565180
194076229044612328
871339228956083937
855214228831724715
810073228558716229
635913228376676424
188614228015183847
227578227709594288
942801227561848331
135543227163724297
137541227030584674
280426226924255201
710262226796913813
963384226405680760
533184225833675894
861110225650604412
157694225645198162
569626225335693783
331732225330045417
658686224978122027
377643224835637975
326870224634912578
223804224609187798
191209224556733136
426070224454869662
250416223747227530
975950223472028248
754361223388922485
900532223268341262
498888223202252261
191015223040629399
463746223004486144
383850222741109662
514889222118024600
999181222094964604
827132220774973268
303225219603737542
127594219525577110
905450219251124082
162303219064359575
253907218698706684
326334218485884240
303997218315385283
666223218283170439
321915218122463710
914363218023381002
767063217559623782
655461217531440474
378478217110718832
678692216144350214
298113216009537089
113149215733297096
625310215681714287
309879215318543481
803002214630956123
504249214441320931
566053213870392525
853874213503646818
990866213383275310
654133213053412126
949904213015666658
122711212950318158
175219212835394276
372868212817987604
229297212649576499
539573212047495954
809402211964522708
279775211852674896
200701211184651079
405540210917008228
311409210876877426
417397210767920137
403204210752472532
976806210604207975
218643210564459272
366979210453496466
163523210338562179
765739210308446039
145796209740971124
111173209350130328
251672209140598853
733316209109968273
390266207902728051
570983207707831091
564163207566475371
263297207484907820
990574207449898790
877073207440370299
439542207299578361
673213207235974274
542392206993015684
695729206789651992
672013206322599406
688166205952827695
892046205460740678
858373205141481254
302547205056799387
369226205044172389
343031205008529658
947282204813682312
700974204665351064
444870204409099001
317701204407655331
943268204229346790
887656203657549360
659578203588768142
578069203558691183
316495203544518674
335392203472060506
260507202933104167
789868202915245244
198490202833615224
760803202718262029
146082201823958130
131538201704738723
885297201512410492
864202200944631596
479651200664634849
395893200495981372
159424200448395197
424553200434369784
897199200163145917
384774199948729794
803084199858716239
543905199690257473
398141199527507429
986878199259856659
885241198437221419
301362198422552468
270788198344730147
788206198243823762
279697198135777799
542948197704489109
755504197562569870
893438197488525720
467078196934540289
425025196618218453
330161196290470466
561337196172187346
232547195052456393
724823194888887494
669349194811661419
238706194727570029
417738194210082255
269158194019592609
176337193938783706
966444193767672734
341732193739342996
855302193638714455
734283193512445216
919504193420383310
740091193229404548
165699192980482211
274011192953660882
853312192894420188
436991192236920759
191147192107456525
261485191974992961
888899191766288874
381441191674355900
622640191474279282
120927191455149319
527364191355685758
374523191166705757
620916191013025167
211954189613879649
863565189413265900
329770188024257780
927675187707201193
899630187602279077
953319187368287555
731326187167391226
607976187053225461
513134186807137603
916131186528703568
348607186489741597
310265185812590224
232715185693452279
713394185254737178
286993185173062960
687272185112166003
570217184535777362
860232183415451131
265873183389359316
921624182703849739
145481182683209100
699542182215403775
160668181905085644
723836181811125469
718214181614741417
176761181332188958
441835181290698639
363429181275851032
447815181229316918
610011180627286225
372997180378340297
737753180318511548
452460180019874736
506622179945241713
339907179834582577
566874179419075736
632147178978477208
389881178907676188
621784178457706758
764940178441093281
186874178367615240
204598178252737421
601874178019528371
321183177924084869
151792177734287901
405024177683670275
261753177602835049
723103177531414109
833174177446011755
465710176471618177
338437176381489478
579748176289865715
117212176138525387
907666176058517229
990689175593641352
905212175427336971
668366175195745919
480775174691011975
756298174371669543
621938174274786100
242857174207564718
919811174186476722
921290174065163391
226012173944859162
285057173025608246
421206172758661512
955638172587547118
687847172354312610
237617171868519816
659547171458893419
886948171291967792
366082171135651719
853834170039124704
212855169511669937
863130169358406705
801652168885099770
678472168601287416
414127168585876435
576448168391364788
700502168124062766
775914168067053467
539046167808519967
328264167434908754
163566167335076763
895326167094863442
415861167090334913
385564167066302083
320562167001916025
237146166865578596
139249166639214439
972344166572753751
752866165888723089
436758165868425412
190127165529289757
284988165511352956
547572165488902546
509662165156834063
483078164950437082
765938163801107223
991524163332624373
226784162926129322
649105162724360459
429085162698034169
679834162651859905
296996162074381855
284977161959801381
806849161909370696
543776161866047746
158352160977138904
308805160952283344
944891160761027862
311750160549534328
155731160413351271
270940160363002326
450222160062015941
459474159985380469
210694159977053714
849845159923472978
123747159043509208
857414158689091612
716765158565652486
133210158515015264
932815158104776693
381756157998511168
766025157894421649
567053157665062435
873283157659413759
692126157627544762
321284157516722002
954095157462248641
978700157456020823
298299157047202771
283673156907011450
662427156470209225
674732156282520260
688777156275474064
976347156196076336
747563156163592172
533873156056338712
883052155558215567
855822155095672081
771812155002871119
364426154919234892
839916154654604969
537624154406135695
778675154220420389
751741154138418691
673869153946399209
834995153847853736
962470153585855776
283809153200145835
536482152835524017
185164152595441321
456171152472105585
289021152418545928
145757152359920234
489666152089079225
617996151882510417
678986151275517306
501131151229314351
296849150904590872
529764150799207672
407676150270199241
607652150068956417
116615149925991199
713333149869828607
653542149814734774
806799149797702444
896960149667483240
649859149196360662
149377148574058139
850732148529640437
246446147487983290
821872147272960185
971933147092408649
735788147086046375
498179146710180639
884536146707499540
613918146059007298
982856145661428967
206575145654649756
188785145633999454
589159145519564673
527647144852967656
933788144516391854
144174144499317759
645097144436267712
462595143857024654
689334143182342594
587553142988368600
232837142766128380
575252142504091463
606831142377282002
659341142030187400
527602141489095356
950261141393321558
730159141376131842
243741141284545447
503390140968429659
295907140896122277
937401140382614722
263210140093349414
698980140075962484
177658139366466064
904074139181050270
455010139124739170
130457139116392192
147042139098652811
660295138897155539
990064138668817960
950992136686927091
966865136683197851
274325136675987610
865015136373176393
465445135514820997
329223135232625444
444553135067812276
609053134563466041
531084134104945067
604646134021349064
359162133910121370
763882133643230088
497864133531539572
383539133471038177
831794133041993737
730765132767939610
691218132739988523
739677132707378181
527297132549157016
772690132457470815
308372132338059384
401873132072680951
859548132024996211
690844131695218462
790774131544499126
389123131482490516
917954131478042335
719782130750630610
438586130351791704
788965130315141443
294640130168574724
822804130147703889
373094130049876933
129587129284183563
492160129125005884
891527128916789553
709911128875725196
223892128853231248
503276128092701688
639985128083614274
134218128044450390
240716127940785622
509217127803060038
222970127630191912
268436127575932111
804627127466436861
111014126997728259
708566125922461842
606250125898397009
334550125794687288
503408125290503235
280585125194519333
818329124790854490
631660124759670526
605920124725930113
803099124661109966
736623124660482869
771639124599953781
561272123867930346
748668123623718547
524499123367581404
168394123348111407
755681123176592048
239126122971067490
992297122887824032
585568122810136332
739568122227938694
497144122145301699
595905121896012863
798861121661748542
650045121633134136
109055121623362091
636139121551232965
399140121485008145
785330121360619779
563207120661350455
444307120659767201
900236120591650073
763206120481505368
803001120270557165
591939119554617117
924415119532911410
808618119310364530
363074119278497739
603202119123477569
320574119024997799
887494118993227338
188825118859192162
138296118479944664
738472118153841711
944816117854535305
227747117697015991
751365117518154069
776103117228589019
256223117000801251
917689116967336935
265704116912261103
795419116203786729
271379116101333637
865410115994158510
170840115793672398
445977115786291951
341471115500657645
989057115481469839
760932114704593545
466982114490784550
119932114393255928
550881114326405667
177194114266137142
745992114230135037
591500113966901962
588045113661728879
514765113592389090
815679113491206463
177643113408708394
791993113350619134
413620113001218281
886743112757701856
379784112251057828
163694112137226077
130235112049662502
978741111932630995
425753111779247757
914237111534395003
995190111401292793
664393111218582306
207135111107619027
762889110532458161
802504110424846640
857751109969675707
607363108671056074
223661108129278251
959999107982673093
379265107522088011
690540107214740619
597486107187074570
951961107079003754
288650106946897529
435425106944694610
397203106939193104
447530106835173023
293245106793065872
243528106640761229
815978106486757843
177457106059515789
526768105978588018
771310105453905836
717565105441257230
615527105248983954
394650105233080169
369287104792178299
484016104654180902
246872104549884144
748781104281718250
709694104268354450
194041103470689988
761933103300362055
752104103178609966
130084103132297204
913836102611349500
157520102566823884
182812102311179882
594022101897733082
923284101843089382
858941101817986264
247120101775143228
794509101524769394
905857100264192079
448737099871454694
400094099821834879
180748099537715167
147075098389687667
692445098066707713
301264097744584519
127068097606166252
720135097600674509
930549097408422604
796055096944344121
286951096865193284
407047096807820957
344901096786475669
355714096578480476
371585096577347632
713146096478791409
519318096150632114
826107096002219135
234168096001629941
744108095989497264
648778095913550675
752483095884809891
625218095801734902
595282095790725994
997718095419931417
426499095274783888
399116094604683352
527046094538773118
437599094489101678
474530094258727335
401886094027815539
556044093545520110
701135093302586958
454234093206604966
645990093189843974
745333093133621454
335629093105289281
754672092167862555
502879091929465013
137596091729192099
515752091361150500
966006090802855192
233640090641222659
216465090353726988
360929090127635044
615262090075317719
216216090006029100
410268089844660296
742325089800417729
232843089711906008
766305089605725455
106640089434296316
622810089301171837
987588089166537472
970645089130827368
691429088839444005
736795088583638575
107285088285623965
430996087197585452
191949087138785009
941845087029066042
531135086998416787
189694086615647750
924747086255360757
130572086014381654
930670085737401924
359142085698826276
899450085618269362
812343085093807454
346243085028027458
654380084885777849
416552084814978390
770306084698117123
893887084280395854
354570083851208784
701579083747945059
886728083528831012
957048083254945967
826426083224041826
811378083189911717
210359083119132492
698486082654244137
487825082409696773
743540082257313662
807968082175194735
145380082029694318
130595081852927398
572056081768699028
821405081752641565
903159081740720937
357098081516483744
426949081133445312
425916080827150910
166990080713261268
974536080566972042
267917080318540472
384836080055836154
113026080040184069
891452079933813733
203756079923366505
790966079849153602
935979079717540139
276562079592864232
205186079444966430
421089079398171049
776640079279351091
406759079108487836
566929079016355037
993588078869910102
274817078719050734
586185078533913758
199399078508499016
212535077943523593
830107077629614778
181131076988273264
220126076948646444
917298076461343913
440423076439420600
375812076341219932
569122076126084798
564476075949125273
513114075773712875
116665074553339487
554433074526972754
182863074339677913
513655074035250160
972414073902336638
968598073531623349
402918073460648959
714356073177931122
192861073113513561
704780072922037166
979564072798407519
141765072704740637
553179072665217157
538488072180564374
976363072140862509
251389072076233215
835080071942293726
242426071784833416
522731070697450137
518507070618706205
419079070146962603
721799070029294379
806985069665724045
626319069348186004
881399069270812692
901065069127159744
293070068944127158
257596068836112672
246207068791507971
136902068767313460
950058068767049119
936039067607427350
548094066578354484
213846066560128584
751636066435145094
284253066386576882
701341066175306429
452414066133243379
236901065978279878
435570065976687773
305452065461126709
344364065312286059
157055064888225981
862551064870707541
829954064811909132
214132064449820616
369276064337523606
847615064267152645
369475064151185109
362426063712437506
461248063498598553
547645063395197695
279985063386345729
351770063037830379
625155062888306245
182262062354837809
434430062228765358
994117061847259226
212922061525319239
784247061251157922
227569061200041340
317701061018999532
817309060005474285
725327059934671692
628524059930480981
185432059480232779
536627059319970478
456498059068564678
579748059004617387
778781058964516505
977561058954424201
992330058949825679
151616058780004180
991891058587598283
770388058429188842
322114058351137267
192267058106042655
294941058016190851
620672057830159866
186532057718064678
190146057136362690
577962056920179849
804290056227416595
267157056217392482
717941056103374683
481219055830287911
497284055588424343
681792055582601581
546385055579411830
137432055440056826
974792055361405708
849391055168811799
239163054698368352
296149054385184115
739574054190555869
892415054057889606
496904053646462652
877920053125678500
123147052511033649
697573052493074188
874217052403180337
222144051969838147
432938051947931612
684449051866035148
368354051766756569
304177051579574305
460382051568953699
552016050751069611
468814050617767677
152443050562141689
505535050455327190
903829050289586018
217192050190274875
621930049871773047
551272048867848141
702575048715816661
133886048703197799
468587048204867482
366998047717026821
287149047473241706
940506047151771340
165242047106324547
611934047102685466
851110047018034676
473140046959512117
142181046826495765
464908046606015643
534731046561723500
255576046474684899
304919046107656278
823859046035925993
971047045886480477
760187045877195292
230823045351334508
199149045316631273
118379044297434649
947225044259295537
718991044224454689
820070044200340833
238445043970617373
783334043924603190
393941043730922957
456368043672694659
633333043438033706
319426043378284966
549597042093885273
754031041970583403
292533041834405796
206096041794754135
316744041559210430
971760041452565078
667169041402123921
908305041193893413
213685040610912744
357223040547666098
295185040201674041
166070039547469302
947392039413951576
375931039147160585
274019039052652388
677716038880921535
236775038432590992
576669037896247764
782838037836761299
279488037823101197
717051037142247877
790533037111501274
995785036117997090
299091035667990124
216388035557767670
826378035551804675
886449035425974377
934029034893948260
808131034435505317
276029034222372584
199765033876707245
635575033830483496
956689033592849756
396888033491184633
354389033329591974
177572033136885456
882262032672255994
141326032598988623
705225032334056046
309320032233351818
492103031931077857
983992031866866615
896818031543205925
786454031429016217
367398031426218500
257333031028234640
227783030446510573
529348030297964616
728495030232154335
238451030080780280
809352029944017980
348133029868153212
605878029425610378
785816028978876593
512888028471924734
400291028352910843
762251028230719752
729040028179591187
755047028151088444
629972027854935671
412026027756466289
532301027572814373
568092027501018340
453600027453825520
978867026795513576
423231026721330812
897290026501892902
525948026082930550
987881025691222420
300328025617717498
251316024864215823
487575024570816004
296441024487295524
671790024207712777
230142023847627924
741939023648043323
193187023609304400
762432023551652053
317365023035073613
846275022840701770
914065022681122804
776839022559912353
889064022383277081
780729022178188239
433385021658256038
160301021469566505
861186021384603006
470096021369490033
541419021202832400
557055020977204846
490652020584381826
419144020566795707
586453020185418642
323262020118617597
417007020015198844
369079019820629965
539260019713927965
701023019252739591
717576019221558060
960516019000595640
812705018939337521
886445018890680681
835677018724247812
984778018627332616
294334018590141977
959333018465389827
757209018163884392
615646018135543570
160983017753425589
107942017626503727
634989017358141703
962564016780753103
226581016644269405
753547016504256341
979631016426482756
352603016346640556
998134015203192486
801387015194255096
771065015100733870
829062014868794191
500598014806349046
525197014398210103
771467014344901223
446644014327387155
733353014110994879
100603014032306510
554407013663475462
197655013342676813
245647013304739849
803977013074838679
818679013004737426
811401012775404883
455622012418305795
453704012416780204
123286011990190009
466815011631809789
339830011326712188
749641010862137755
304512010747820911
672811010596434391
108901010560832698
858861010472354659
217319010463992339
667632009749182575
695833009700209670
164995009587769793
563118009396859677
826102009272088936
376196009258169090
813686009103077004
859521008868018963
541486008801424841
963877008532384631
804661008513718771
805266008405842036
908684008387354916
857093007236021552
230538007163470541
395248006944541559
832299006797938517
922860006650328932
950342006615776296
848616006313646084
593782005996768239
463565005876358594
536069005871398475
743767005658113803
782171005514769858
211709005150714508
546626005142879618
918699004811844238
513989004793604620
432604004465185002
280066004409606715
113530004120401821
590763003523329671
808151003399505305
350197003271754297
516827002577346889
384822002522560883
199178002372667697
586940002111778848
277957002045877648
558604001374947624
480990000800743865
186024000685899320
395321000561404618
