352
025713864
026174835
027581463
031758246
035281746
035714286
036271485
036814752
037286415
041582736
046152837
046827135
046831752
048157263
048531726
051863724
053168247
053172864
057263184
057413862
058417263
063581427
063724815
063728514
064718253
073168524
074258136
074286135
130685247
136028574
137285046
138620574
138642057
146027538
146302857
146825307
146837025
147025863
147085263
147582036
147582063
148307526
150268374
150637248
150642837
150847362
152073864
158247306
164083572
164703528
168520374
170368524
174285306
175820364
184273605
185247036
185263074
185360247
203681475
205741386
206175384
206471358
207386415
208641753
241703685
241706358
246031758
247185063
247186035
248136075
248306157
251603748
251840736
257036418
257048136
257138640
257408613
257418630
258073164
258146307
258170364
258470316
258603147
258613704
258630714
261370485
261748053
261753048
263184075
263185047
263748051
268041753
268314750
271386405
273681405
275081463
275380461
275814036
281470635
283075164
283175064
283741506
285146037
285306417
285713064
302581746
304186275
304716258
304815726
306815724
308526174
314702586
316207485
316804752
316807425
317286405
318257046
318407526
350417268
350847162
350862714
352814706
352817460
352860714
357140862
357146802
357160248
357206418
358207146
360285741
360581742
360741825
362580741
362714850
362750814
362751840
364180275
364180572
364185720
368147025
368150247
368520741
370461528
374205186
374206158
382516407
384205716
384206175
384702516
405317286
407316852
407526138
413068257
413862057
415026837
415827360
415863027
417036852
417068253
417263085
417268053
418057263
418526307
420518637
420571368
420617538
425817036
425860317
425861370
425863071
427318506
427368150
427518036
427518603
428317506
428571306
460317582
460571382
461370285
461370852
461520738
461570382
463025817
463027518
463028571
463071852
468271350
468317520
468370251
470362581
470831625
471620835
471625803
471820635
471852036
473025861
473061528
473862051
475026831
475820631
481362750
481572036
483571602
504186372
504682713
504683172
506372481
514682730
514683702
518427360
520368147
520738641
520741863
524703168
524708316
524708613
526137048
526138074
526174038
526308147
528147063
528307146
528603147
530681742
531682470
531728640
531742086
531748026
536028174
536071428
536074182
538026174
538041726
538471620
570481362
570631842
571602483
572081463
572084136
572681403
574186302
580362714
582073164
584073162
584172630
584702613
586307142
603175824
603582471
603742851
605147382
605713824
605813724
607418253
613074852
613508427
613807425
615207483
617502483
620574138
620847135
625140837
625703841
625704813
627135840
627140835
627518403
630258174
630275184
630285741
630418572
630718524
630742581
630815724
631470258
631480275
631750248
631840752
631852470
637048152
637285140
640582731
640752813
641702853
641703825
642857130
647182530
647185203
680247135
681502473
682417530
682713504
683147502
685207413
703528641
703625814
703641852
704615283
713068524
714603582
718520364
720368514
724185360
724805316
730641582
736815024
738041526
738246051
738251640
738620514
740581362
741306825
741306852
741803625
741863025
742051863
742063581
742586031
742861350
750246831
750268314
751603842
752860314
758203641
814602753
814630752
815720364
824170635
825160374
825164073
825307461
830471625
831475026
831625704
835716024
835720641
837025164
840357162
840731625
842057136
842061753
842736051
847306152
851602473
852074136
852617403
853174602
853607142
857130642
861307425
862714053
863175024
