95
52
139
184
93
98
120
63
96
54
108
104
71
71
158
128
9
189
121
67
130
77
136
67
33
67
65
129
145
64
660
1101
1198
1168
111
808
1231
1679
872
738
976
834
750
983
1103
358
870
483
494
1489
815
837
673
1145
1067
1366
522
911
1617
1606
301
590
712
1204
1471
1047
315
579
394
1815
560
474
240
333
1406
1297
1776
1750
591
1057
1530
1259
1029
1001
1316
1008
1241
1092
406
1117
635
616
1343
110
1143
528
1047
933
84
1457
1142
1149
806
1118
1490
1039
1114
1118
1146
1134
1230
905
1368
1453
560
1440
1112
926
1405
1966
1444
1323
1594
1318
882
1046
1492
814
810
762
5140746
15128282
3536618
18301706
7883455
9672372
10983284
7286120
6233419
12398620
9978413
5380573
14419505
13905716
10284270
14777558
9506817
10480010
3361372
5065827
14773717
12187801
7512426
8856390
6704213
12773319
5457877
13508588
1547702
12564966
